<?xml version="1.0" encoding="UTF-8"?>
<!-- Generated by org.testng.reporters.JUnitXMLReporter -->
<testsuite ignored="0" hostname="Admin" failures="1" tests="3" name="Surefire test" time="51.53" errors="0" timestamp="2025-08-04T17:52:49 ICT">
  <testcase classname="io.cucumber.testng.AbstractTestNGCucumberTests" name="runScenario" time="13.413">
    <failure type="java.lang.AssertionError" message="expected [Incorrect email or password.] but found [Incorrect email o password.]">
      <![CDATA[java.lang.AssertionError: expected [Incorrect email or password.] but found [Incorrect email o password.]
at HuongTestingPractice.StepDefinition.StepDefinitions.something_message_is_displayed(StepDefinitions.java:62)
at âœ½."Incorrect email o password." message is displayed(file:///D:/HUONG/Testing/Automation-Practice/Java/SeleniumJavaFW/src/test/java/cucumber/ErrorValidation.feature:11)
... Removed 6 stack frames]]>
    </failure>
  </testcase> <!-- runScenario -->
  <testcase classname="io.cucumber.testng.AbstractTestNGCucumberTests" name="runScenario" time="18.537"/>
  <testcase classname="io.cucumber.testng.AbstractTestNGCucumberTests" name="runScenario" time="18.309"/>
</testsuite> <!-- Surefire test -->
