<?xml version="1.0" encoding="UTF-8"?>
<!-- Generated by org.testng.reporters.JUnitReportReporter -->
<testsuite hostname="Admin" failures="1" tests="3" name="Cucumber.TestNGTestRunner" time="34.894" errors="0" timestamp="2025-08-04T17:38:22 ICT" skipped="0">
  <testcase classname="Cucumber.TestNGTestRunner" name="runScenario" time="12.093"/>
  <testcase classname="Cucumber.TestNGTestRunner" name="runScenario" time="14.417"/>
  <testcase classname="Cucumber.TestNGTestRunner" name="runScenario" time="8.384">
    <failure message="expected [Incorrect email or password.] but found [Incorrect email o password.]" type="java.lang.AssertionError">
      <![CDATA[java.lang.AssertionError: expected [Incorrect email or password.] but found [Incorrect email o password.]
at org.testng.Assert.fail(Assert.java:111)
at org.testng.Assert.failNotEquals(Assert.java:1578)
at org.testng.Assert.assertEqualsImpl(Assert.java:150)
at org.testng.Assert.assertEquals(Assert.java:132)
at org.testng.Assert.assertEquals(Assert.java:656)
at org.testng.Assert.assertEquals(Assert.java:666)
at HuongTestingPractice.StepDefinition.StepDefinitions.something_message_is_displayed(StepDefinitions.java:62)
at âœ½."Incorrect email o password." message is displayed(file:///D:/HUONG/Testing/Automation-Practice/Java/SeleniumJavaFW/src/test/java/cucumber/ErrorValidation.feature:11)
]]>
    </failure>
  </testcase> <!-- runScenario -->
</testsuite> <!-- Cucumber.TestNGTestRunner -->
